# JRE version: Java(TM) SE Runtime Environment 18.9 (11.0.10+8) (build 11.0.10+8-LTS-162)
# Java VM: Java HotSpot(TM) 64-Bit Server VM 18.9 (11.0.10+8-LTS-162, mixed mode, tiered, compressed oops, parallel gc, windows-amd64)
Heap:
 PSYoungGen      total 18944K, used 0K [0x00000000eab00000, 0x00000000ec480000, 0x0000000100000000)
  eden space 17920K, 0% used [0x00000000eab00000,0x00000000eab00000,0x00000000ebc80000)
  from space 1024K, 0% used [0x00000000ebc80000,0x00000000ebc80000,0x00000000ebd80000)
  to   space 2560K, 0% used [0x00000000ec200000,0x00000000ec200000,0x00000000ec480000)
 ParOldGen       total 68608K, used 24438K [0x00000000c0000000, 0x00000000c4300000, 0x00000000eab00000)
  object space 68608K, 35% used [0x00000000c0000000,0x00000000c17ddb18,0x00000000c4300000)
 Metaspace       used 33310K, capacity 35285K, committed 35416K, reserved 1081344K
  class space    used 3155K, capacity 3876K, committed 3968K, reserved 1048576K
GC Heap History (10 events):
Event: 7.536 GC heap before
{Heap before GC invocations=13 (full 1):
 PSYoungGen      total 24576K, used 24384K [0x00000000eab00000, 0x00000000ec680000, 0x0000000100000000)
  eden space 22016K, 100% used [0x00000000eab00000,0x00000000ec080000,0x00000000ec080000)
  from space 2560K, 92% used [0x00000000ec200000,0x00000000ec450010,0x00000000ec480000)
  to   space 2048K, 0% used [0x00000000ec480000,0x00000000ec480000,0x00000000ec680000)
 ParOldGen       total 68608K, used 16004K [0x00000000c0000000, 0x00000000c4300000, 0x00000000eab00000)
  object space 68608K, 23% used [0x00000000c0000000,0x00000000c0fa1338,0x00000000c4300000)
 Metaspace       used 31243K, capacity 33113K, committed 33152K, reserved 1079296K
  class space    used 3004K, capacity 3707K, committed 3712K, reserved 1048576K
}
Event: 7.542 GC heap after
{Heap after GC invocations=13 (full 1):
 PSYoungGen      total 23040K, used 2016K [0x00000000eab00000, 0x00000000eca80000, 0x0000000100000000)
  eden space 20992K, 0% used [0x00000000eab00000,0x00000000eab00000,0x00000000ebf80000)
  from space 2048K, 98% used [0x00000000ec480000,0x00000000ec678010,0x00000000ec680000)
  to   space 5120K, 0% used [0x00000000ebf80000,0x00000000ebf80000,0x00000000ec480000)
 ParOldGen       total 68608K, used 18376K [0x00000000c0000000, 0x00000000c4300000, 0x00000000eab00000)
  object space 68608K, 26% used [0x00000000c0000000,0x00000000c11f2140,0x00000000c4300000)
 Metaspace       used 31243K, capacity 33113K, committed 33152K, reserved 1079296K
  class space    used 3004K, capacity 3707K, committed 3712K, reserved 1048576K
}
Event: 7.581 GC heap before
{Heap before GC invocations=14 (full 1):
 PSYoungGen      total 23040K, used 23008K [0x00000000eab00000, 0x00000000eca80000, 0x0000000100000000)
  eden space 20992K, 100% used [0x00000000eab00000,0x00000000ebf80000,0x00000000ebf80000)
  from space 2048K, 98% used [0x00000000ec480000,0x00000000ec678010,0x00000000ec680000)
  to   space 5120K, 0% used [0x00000000ebf80000,0x00000000ebf80000,0x00000000ec480000)
 ParOldGen       total 68608K, used 18376K [0x00000000c0000000, 0x00000000c4300000, 0x00000000eab00000)
  object space 68608K, 26% used [0x00000000c0000000,0x00000000c11f2140,0x00000000c4300000)
 Metaspace       used 31243K, capacity 33113K, committed 33152K, reserved 1079296K
  class space    used 3004K, capacity 3707K, committed 3712K, reserved 1048576K
}
Event: 7.588 GC heap after
{Heap after GC invocations=14 (full 1):
 PSYoungGen      total 23040K, used 1824K [0x00000000eab00000, 0x00000000ec580000, 0x0000000100000000)
  eden space 20992K, 0% used [0x00000000eab00000,0x00000000eab00000,0x00000000ebf80000)
  from space 2048K, 89% used [0x00000000ebf80000,0x00000000ec148000,0x00000000ec180000)
  to   space 3072K, 0% used [0x00000000ec280000,0x00000000ec280000,0x00000000ec580000)
 ParOldGen       total 68608K, used 20392K [0x00000000c0000000, 0x00000000c4300000, 0x00000000eab00000)
  object space 68608K, 29% used [0x00000000c0000000,0x00000000c13ea150,0x00000000c4300000)
 Metaspace       used 31243K, capacity 33113K, committed 33152K, reserved 1079296K
  class space    used 3004K, capacity 3707K, committed 3712K, reserved 1048576K
}
Event: 7.850 GC heap before
{Heap before GC invocations=15 (full 1):
 PSYoungGen      total 23040K, used 22816K [0x00000000eab00000, 0x00000000ec580000, 0x0000000100000000)
  eden space 20992K, 100% used [0x00000000eab00000,0x00000000ebf80000,0x00000000ebf80000)
  from space 2048K, 89% used [0x00000000ebf80000,0x00000000ec148000,0x00000000ec180000)
  to   space 3072K, 0% used [0x00000000ec280000,0x00000000ec280000,0x00000000ec580000)
 ParOldGen       total 68608K, used 20392K [0x00000000c0000000, 0x00000000c4300000, 0x00000000eab00000)
  object space 68608K, 29% used [0x00000000c0000000,0x00000000c13ea150,0x00000000c4300000)
 Metaspace       used 31830K, capacity 33909K, committed 34048K, reserved 1079296K
  class space    used 3043K, capacity 3780K, committed 3840K, reserved 1048576K
}
Event: 7.861 GC heap after
{Heap after GC invocations=15 (full 1):
 PSYoungGen      total 20992K, used 3049K [0x00000000eab00000, 0x00000000ecb80000, 0x0000000100000000)
  eden space 17920K, 0% used [0x00000000eab00000,0x00000000eab00000,0x00000000ebc80000)
  from space 3072K, 99% used [0x00000000ec280000,0x00000000ec57a528,0x00000000ec580000)
  to   space 6144K, 0% used [0x00000000ebc80000,0x00000000ebc80000,0x00000000ec280000)
 ParOldGen       total 68608K, used 22723K [0x00000000c0000000, 0x00000000c4300000, 0x00000000eab00000)
  object space 68608K, 33% used [0x00000000c0000000,0x00000000c1630f28,0x00000000c4300000)
 Metaspace       used 31830K, capacity 33909K, committed 34048K, reserved 1079296K
  class space    used 3043K, capacity 3780K, committed 3840K, reserved 1048576K
}
Event: 8.004 GC heap before
{Heap before GC invocations=16 (full 1):
 PSYoungGen      total 20992K, used 20609K [0x00000000eab00000, 0x00000000ecb80000, 0x0000000100000000)
  eden space 17920K, 97% used [0x00000000eab00000,0x00000000ebc26110,0x00000000ebc80000)
  from space 3072K, 99% used [0x00000000ec280000,0x00000000ec57a528,0x00000000ec580000)
  to   space 6144K, 0% used [0x00000000ebc80000,0x00000000ebc80000,0x00000000ec280000)
 ParOldGen       total 68608K, used 22723K [0x00000000c0000000, 0x00000000c4300000, 0x00000000eab00000)
  object space 68608K, 33% used [0x00000000c0000000,0x00000000c1630f28,0x00000000c4300000)
 Metaspace       used 33310K, capacity 35285K, committed 35416K, reserved 1081344K
  class space    used 3155K, capacity 3876K, committed 3968K, reserved 1048576K
}
Event: 8.011 GC heap after
{Heap after GC invocations=16 (full 1):
 PSYoungGen      total 18944K, used 773K [0x00000000eab00000, 0x00000000ec480000, 0x0000000100000000)
  eden space 17920K, 0% used [0x00000000eab00000,0x00000000eab00000,0x00000000ebc80000)
  from space 1024K, 75% used [0x00000000ebc80000,0x00000000ebd41450,0x00000000ebd80000)
  to   space 2560K, 0% used [0x00000000ec200000,0x00000000ec200000,0x00000000ec480000)
 ParOldGen       total 68608K, used 25229K [0x00000000c0000000, 0x00000000c4300000, 0x00000000eab00000)
  object space 68608K, 36% used [0x00000000c0000000,0x00000000c18a3500,0x00000000c4300000)
 Metaspace       used 33310K, capacity 35285K, committed 35416K, reserved 1081344K
  class space    used 3155K, capacity 3876K, committed 3968K, reserved 1048576K
}
Event: 8.011 GC heap before
{Heap before GC invocations=17 (full 2):
 PSYoungGen      total 18944K, used 773K [0x00000000eab00000, 0x00000000ec480000, 0x0000000100000000)
  eden space 17920K, 0% used [0x00000000eab00000,0x00000000eab00000,0x00000000ebc80000)
  from space 1024K, 75% used [0x00000000ebc80000,0x00000000ebd41450,0x00000000ebd80000)
  to   space 2560K, 0% used [0x00000000ec200000,0x00000000ec200000,0x00000000ec480000)
 ParOldGen       total 68608K, used 25229K [0x00000000c0000000, 0x00000000c4300000, 0x00000000eab00000)
  object space 68608K, 36% used [0x00000000c0000000,0x00000000c18a3500,0x00000000c4300000)
 Metaspace       used 33310K, capacity 35285K, committed 35416K, reserved 1081344K
  class space    used 3155K, capacity 3876K, committed 3968K, reserved 1048576K
}
Event: 8.163 GC heap after
{Heap after GC invocations=17 (full 2):
 PSYoungGen      total 18944K, used 0K [0x00000000eab00000, 0x00000000ec480000, 0x0000000100000000)
  eden space 17920K, 0% used [0x00000000eab00000,0x00000000eab00000,0x00000000ebc80000)
  from space 1024K, 0% used [0x00000000ebc80000,0x00000000ebc80000,0x00000000ebd80000)
  to   space 2560K, 0% used [0x00000000ec200000,0x00000000ec200000,0x00000000ec480000)
 ParOldGen       total 68608K, used 24438K [0x00000000c0000000, 0x00000000c4300000, 0x00000000eab00000)
  object space 68608K, 35% used [0x00000000c0000000,0x00000000c17ddb18,0x00000000c4300000)
 Metaspace       used 33310K, capacity 35285K, committed 35416K, reserved 1081344K
  class space    used 3155K, capacity 3876K, committed 3968K, reserved 1048576K
}

